Arguments: 
  /Users/vimer/.nvm/versions/node/v10.15.1/bin/node /Users/vimer/.yarn/bin/yarn.js add webpack webpack-cli -d-ev

PATH: 
  /opt/local/bin:/opt/local/sbin:/opt/local/bin:/opt/local/sbin:/usr/local/lib/node_modules/webpack/bin:/Users/vimer/Library/Android/sdk/platform-tools:/Users/vimer/Library/Android/sdk/tools:/Users/vimer/.nvm/versions/node/v10.15.1/bin:/Users/vimer/.yarn/bin:/Users/vimer/.config/yarn/global/node_modules/.bin:/usr/local/opt/openvpn/sbin:/usr/local/bin:/usr/bin:/bin:/usr/sbin:/sbin:/usr/local/go/bin:/Library/Frameworks/Mono.framework/Versions/Current/Commands:/Users/vimer/Downloads/apache-maven-3.3.9/bin

Yarn version: 
  1.13.0

Node version: 
  10.15.1

Platform: 
  darwin x64

Trace: 
  Error: https://registry.npm.taobao.org/-e: Not found
      at Request.params.callback [as _callback] (/Users/vimer/.yarn/lib/cli.js:66255:18)
      at Request.self.callback (/Users/vimer/.yarn/lib/cli.js:129397:22)
      at Request.emit (events.js:189:13)
      at Request.<anonymous> (/Users/vimer/.yarn/lib/cli.js:130369:10)
      at Request.emit (events.js:189:13)
      at IncomingMessage.<anonymous> (/Users/vimer/.yarn/lib/cli.js:130291:12)
      at Object.onceWrapper (events.js:277:13)
      at IncomingMessage.emit (events.js:194:15)
      at endReadableNT (_stream_readable.js:1103:12)
      at process._tickCallback (internal/process/next_tick.js:63:19)

npm manifest: 
  {
    "name": "webpack-course",
    "version": "1.0.0",
    "description": "",
    "main": "index.js",
    "scripts": {
      "test": "echo \"Error: no test specified\" && exit 1"
    },
    "keywords": [],
    "author": "",
    "license": "ISC"
  }

yarn manifest: 
  No manifest

Lockfile: 
  No lockfile
